0 info it worked if it ends with ok
1 verbose cli [ 'C:\\Program Files\\nodejs\\\\node.exe',
1 verbose cli   'C:\\Program Files\\nodejs\\node_modules\\npm\\bin\\npm-cli.js',
1 verbose cli   'install' ]
2 info using npm@1.4.14
3 info using node@v0.10.29
4 verbose node symlink C:\Program Files\nodejs\\node.exe
5 verbose readDependencies using package.json deps
6 verbose install where, deps [ 'C:\\EducationWare\\EducationWare',
6 verbose install   [ 'express',
6 verbose install     'ejs',
6 verbose install     'connect-mongo',
6 verbose install     'express-patials',
6 verbose install     'mongodb',
6 verbose install     'i18n' ] ]
7 info preinstall educationware@0.0.1
8 verbose readDependencies using package.json deps
9 verbose cache add [ 'express@3.4.8', null ]
10 verbose cache add name=undefined spec="express@3.4.8" args=["express@3.4.8",null]
11 verbose parsed url { protocol: null,
11 verbose parsed url   slashes: null,
11 verbose parsed url   auth: null,
11 verbose parsed url   host: null,
11 verbose parsed url   port: null,
11 verbose parsed url   hostname: null,
11 verbose parsed url   hash: null,
11 verbose parsed url   search: null,
11 verbose parsed url   query: null,
11 verbose parsed url   pathname: 'express@3.4.8',
11 verbose parsed url   path: 'express@3.4.8',
11 verbose parsed url   href: 'express@3.4.8' }
12 verbose already installed skipping ejs@>= 0.0.1 C:\EducationWare\EducationWare
13 verbose already installed skipping connect-mongo@>= 0.1.7 C:\EducationWare\EducationWare
14 verbose cache add [ 'express-patials@>=0.9.0', null ]
15 verbose cache add name=undefined spec="express-patials@>=0.9.0" args=["express-patials@>=0.9.0",null]
16 verbose parsed url { protocol: null,
16 verbose parsed url   slashes: null,
16 verbose parsed url   auth: null,
16 verbose parsed url   host: null,
16 verbose parsed url   port: null,
16 verbose parsed url   hostname: null,
16 verbose parsed url   hash: null,
16 verbose parsed url   search: null,
16 verbose parsed url   query: null,
16 verbose parsed url   pathname: 'express-patials@%3E=0.9.0',
16 verbose parsed url   path: 'express-patials@%3E=0.9.0',
16 verbose parsed url   href: 'express-patials@%3E=0.9.0' }
17 verbose already installed skipping mongodb@>= 0.9.9 C:\EducationWare\EducationWare
18 verbose already installed skipping i18n@* C:\EducationWare\EducationWare
19 verbose cache add name="express" spec="3.4.8" args=["express","3.4.8"]
20 verbose parsed url { protocol: null,
20 verbose parsed url   slashes: null,
20 verbose parsed url   auth: null,
20 verbose parsed url   host: null,
20 verbose parsed url   port: null,
20 verbose parsed url   hostname: null,
20 verbose parsed url   hash: null,
20 verbose parsed url   search: null,
20 verbose parsed url   query: null,
20 verbose parsed url   pathname: '3.4.8',
20 verbose parsed url   path: '3.4.8',
20 verbose parsed url   href: '3.4.8' }
21 verbose addNamed [ 'express', '3.4.8' ]
22 verbose addNamed [ '3.4.8', '3.4.8' ]
23 verbose cache add name="express-patials" spec=">=0.9.0" args=["express-patials",">=0.9.0"]
24 verbose parsed url { protocol: null,
24 verbose parsed url   slashes: null,
24 verbose parsed url   auth: null,
24 verbose parsed url   host: null,
24 verbose parsed url   port: null,
24 verbose parsed url   hostname: null,
24 verbose parsed url   hash: null,
24 verbose parsed url   search: null,
24 verbose parsed url   query: null,
24 verbose parsed url   pathname: '%3E=0.9.0',
24 verbose parsed url   path: '%3E=0.9.0',
24 verbose parsed url   href: '%3E=0.9.0' }
25 verbose addNamed [ 'express-patials', '>=0.9.0' ]
26 verbose addNamed [ null, '>=0.9.0' ]
27 silly lockFile 15cb8528-express-3-4-8 express@3.4.8
28 verbose lock express@3.4.8 C:\Users\IBM_ADMIN\AppData\Roaming\npm-cache\15cb8528-express-3-4-8.lock
29 silly lockFile c9581958-express-patials-0-9-0 express-patials@>=0.9.0
30 verbose lock express-patials@>=0.9.0 C:\Users\IBM_ADMIN\AppData\Roaming\npm-cache\c9581958-express-patials-0-9-0.lock
31 silly addNameRange { name: 'express-patials', range: '>=0.9.0', hasData: false }
32 verbose url raw express-patials
33 verbose url resolving [ 'https://registry.npmjs.org/', './express-patials' ]
34 verbose url resolved https://registry.npmjs.org/express-patials
35 info trying registry request attempt 1 at 16:04:08
36 http GET https://registry.npmjs.org/express-patials
37 verbose url raw express
38 verbose url resolving [ 'https://registry.npmjs.org/', './express' ]
39 verbose url resolved https://registry.npmjs.org/express
40 info trying registry request attempt 1 at 16:04:08
41 verbose etag "AH88U4UZRNGHFRH90DQJ20LBA"
42 http GET https://registry.npmjs.org/express
43 http 304 https://registry.npmjs.org/express
44 silly registry.get cb [ 304,
44 silly registry.get   { date: 'Wed, 23 Jul 2014 08:04:11 GMT',
44 silly registry.get     server: 'Apache',
44 silly registry.get     via: '1.1 varnish',
44 silly registry.get     'last-modified': 'Wed, 23 Jul 2014 08:04:11 GMT',
44 silly registry.get     'cache-control': 'max-age=60',
44 silly registry.get     etag: '"AH88U4UZRNGHFRH90DQJ20LBA"',
44 silly registry.get     'x-served-by': 'cache-ord1721-ORD',
44 silly registry.get     'x-cache': 'HIT',
44 silly registry.get     'x-cache-hits': '1',
44 silly registry.get     'x-timer': 'S1406102651.390413,VS0,VE29',
44 silly registry.get     vary: 'Accept',
44 silly registry.get     'content-length': '0',
44 silly registry.get     'keep-alive': 'timeout=10, max=50',
44 silly registry.get     connection: 'Keep-Alive' } ]
45 verbose etag express from cache
46 silly lockFile 15cb8528-express-3-4-8 express@3.4.8
47 silly lockFile 15cb8528-express-3-4-8 express@3.4.8
48 http 404 https://registry.npmjs.org/express-patials
49 verbose headers { date: 'Wed, 23 Jul 2014 08:04:11 GMT',
49 verbose headers   server: 'CouchDB/1.5.0 (Erlang OTP/R16B03)',
49 verbose headers   'content-type': 'application/json',
49 verbose headers   'cache-control': 'max-age=0',
49 verbose headers   'content-length': '52',
49 verbose headers   'accept-ranges': 'bytes',
49 verbose headers   via: '1.1 varnish',
49 verbose headers   age: '0',
49 verbose headers   'x-served-by': 'cache-ord1732-ORD',
49 verbose headers   'x-cache': 'MISS',
49 verbose headers   'x-cache-hits': '0',
49 verbose headers   'x-timer': 'S1406102651.651286,VS0,VE291',
49 verbose headers   'keep-alive': 'timeout=10, max=50',
49 verbose headers   connection: 'Keep-Alive' }
50 silly registry.get cb [ 404,
50 silly registry.get   { date: 'Wed, 23 Jul 2014 08:04:11 GMT',
50 silly registry.get     server: 'CouchDB/1.5.0 (Erlang OTP/R16B03)',
50 silly registry.get     'content-type': 'application/json',
50 silly registry.get     'cache-control': 'max-age=0',
50 silly registry.get     'content-length': '52',
50 silly registry.get     'accept-ranges': 'bytes',
50 silly registry.get     via: '1.1 varnish',
50 silly registry.get     age: '0',
50 silly registry.get     'x-served-by': 'cache-ord1732-ORD',
50 silly registry.get     'x-cache': 'MISS',
50 silly registry.get     'x-cache-hits': '0',
50 silly registry.get     'x-timer': 'S1406102651.651286,VS0,VE291',
50 silly registry.get     'keep-alive': 'timeout=10, max=50',
50 silly registry.get     connection: 'Keep-Alive' } ]
51 silly lockFile c9581958-express-patials-0-9-0 express-patials@>=0.9.0
52 silly lockFile c9581958-express-patials-0-9-0 express-patials@>=0.9.0
53 error 404 404 Not Found: express-patials
53 error 404
53 error 404 'express-patials' is not in the npm registry.
53 error 404 You should bug the author to publish it
53 error 404 It was specified as a dependency of 'educationware'
53 error 404
53 error 404 Note that you can also install from a
53 error 404 tarball, folder, or http url, or git url.
54 error System Windows_NT 6.1.7601
55 error command "C:\\Program Files\\nodejs\\\\node.exe" "C:\\Program Files\\nodejs\\node_modules\\npm\\bin\\npm-cli.js" "install"
56 error cwd C:\EducationWare\EducationWare
57 error node -v v0.10.29
58 error npm -v 1.4.14
59 error code E404
60 verbose exit [ 1, true ]
